<?xml version="1.0" encoding="UTF-8"?>
<robot generator="Robot 4.1.3 (Python 3.8.10 on linux)" generated="20220304 04:13:37.453" rpa="false" schemaversion="2">
<suite id="s1" name="Processtest" source="/root/processtest.robot">
<test id="s1-t1" name="Test1">
<kw name="Run Process" library="Process">
<arg>python3</arg>
<arg>-c</arg>
<arg>print('Hello, world!')</arg>
<doc>Runs a process and waits for it to complete.</doc>
<msg timestamp="20220304 04:13:37.477" level="INFO">Starting process:
python3 -c "print('Hello, world!')"</msg>
<msg timestamp="20220304 04:13:37.480" level="INFO">Waiting for process to complete.</msg>
<msg timestamp="20220304 04:13:37.498" level="INFO">Process completed.</msg>
<status status="PASS" starttime="20220304 04:13:37.477" endtime="20220304 04:13:37.499"/>
</kw>
<status status="PASS" starttime="20220304 04:13:37.476" endtime="20220304 04:13:37.499"/>
</test>
<test id="s1-t2" name="Test2">
<kw name="Run Process" library="Process">
<var>${result}</var>
<arg>ansible</arg>
<arg>--version</arg>
<doc>Runs a process and waits for it to complete.</doc>
<msg timestamp="20220304 04:13:37.501" level="INFO">Starting process:
ansible --version</msg>
<msg timestamp="20220304 04:13:37.504" level="INFO">Waiting for process to complete.</msg>
<msg timestamp="20220304 04:13:37.883" level="INFO">Process completed.</msg>
<msg timestamp="20220304 04:13:37.883" level="INFO">${result} = &lt;result object with rc 0&gt;</msg>
<status status="PASS" starttime="20220304 04:13:37.501" endtime="20220304 04:13:37.883"/>
</kw>
<kw name="Should Be Equal" library="BuiltIn">
<arg>${result.rc}</arg>
<arg>${0}</arg>
<doc>Fails if the given objects are unequal.</doc>
<status status="PASS" starttime="20220304 04:13:37.884" endtime="20220304 04:13:37.886"/>
</kw>
<kw name="Log" library="BuiltIn">
<arg>stdout: ${result.stdout}</arg>
<doc>Logs the given message with the given level.</doc>
<msg timestamp="20220304 04:13:37.887" level="INFO">stdout: ansible [core 2.12.2]
  config file = /root/ansible.cfg
  configured module search path = ['/root/.ansible/plugins/modules', '/usr/share/ansible/plugins/modules']
  ansible python module location = /usr/lib/python3/dist-packages/ansible
  ansible collection location = /root/.ansible/collections:/usr/share/ansible/collections
  executable location = /usr/bin/ansible
  python version = 3.8.10 (default, Nov 26 2021, 20:14:08) [GCC 9.3.0]
  jinja version = 2.11.3
  libyaml = True</msg>
<status status="PASS" starttime="20220304 04:13:37.886" endtime="20220304 04:13:37.887"/>
</kw>
<status status="PASS" starttime="20220304 04:13:37.500" endtime="20220304 04:13:37.887"/>
</test>
<test id="s1-t3" name="Test3">
<kw name="Run Process" library="Process">
<var>${result}</var>
<arg>ansible-playbook</arg>
<arg>getarp.yml</arg>
<doc>Runs a process and waits for it to complete.</doc>
<msg timestamp="20220304 04:13:37.888" level="INFO">Starting process:
ansible-playbook getarp.yml</msg>
<msg timestamp="20220304 04:13:37.891" level="INFO">Waiting for process to complete.</msg>
<msg timestamp="20220304 04:13:39.187" level="INFO">Process completed.</msg>
<msg timestamp="20220304 04:13:39.187" level="INFO">${result} = &lt;result object with rc 0&gt;</msg>
<status status="PASS" starttime="20220304 04:13:37.888" endtime="20220304 04:13:39.187"/>
</kw>
<kw name="Should Be Equal" library="BuiltIn">
<arg>${result.rc}</arg>
<arg>${0}</arg>
<doc>Fails if the given objects are unequal.</doc>
<status status="PASS" starttime="20220304 04:13:39.188" endtime="20220304 04:13:39.189"/>
</kw>
<kw name="Log" library="BuiltIn">
<arg>stdout: ${result.stdout}</arg>
<doc>Logs the given message with the given level.</doc>
<msg timestamp="20220304 04:13:39.190" level="INFO">stdout: 
PLAY [Get ARP information] *****************************************************

TASK [show arp] ****************************************************************
changed: [R1]
changed: [R2]

TASK [debug] *******************************************************************
ok: [R1] =&gt; {
    "print_output.stdout_lines": [
        "",
        "Protocol  Address          Age (min)  Hardware Addr   Type   Interface",
        "Internet  192.168.122.10          -   c201.310d.0000  ARPA   FastEthernet0/0",
        "Internet  192.168.122.218        13   362f.149f.6919  ARPA   FastEthernet0/0",
        "Internet  192.168.122.237        14   124b.1a98.f456  ARPA   FastEthernet0/0"
    ]
}
ok: [R2] =&gt; {
    "print_output.stdout_lines": [
        "",
        "Protocol  Address          Age (min)  Hardware Addr   Type   Interface",
        "Internet  192.168.122.11          -   c202.311d.0000  ARPA   FastEthernet0/0",
        "Internet  192.168.122.218        25   362f.149f.6919  ARPA   FastEthernet0/0",
        "Internet  192.168.122.237        27   124b.1a98.f456  ARPA   FastEthernet0/0"
    ]
}

PLAY RECAP *********************************************************************
R1                         : ok=2    changed=1    unreachable=0    failed=0    skipped=0    rescued=0    ignored=0   
R2                         : ok=2    changed=1    unreachable=0    failed=0    skipped=0    rescued=0    ignored=0   
</msg>
<status status="PASS" starttime="20220304 04:13:39.190" endtime="20220304 04:13:39.190"/>
</kw>
<status status="PASS" starttime="20220304 04:13:37.888" endtime="20220304 04:13:39.191"/>
</test>
<test id="s1-t4" name="Test4">
<kw name="Run Process" library="Process">
<var>${result}</var>
<arg>python3</arg>
<arg>git_push.py</arg>
<doc>Runs a process and waits for it to complete.</doc>
<msg timestamp="20220304 04:13:39.192" level="INFO">Starting process:
python3 git_push.py</msg>
<msg timestamp="20220304 04:13:39.196" level="INFO">Waiting for process to complete.</msg>
<msg timestamp="20220304 04:13:40.613" level="INFO">Process completed.</msg>
<msg timestamp="20220304 04:13:40.613" level="INFO">${result} = &lt;result object with rc 0&gt;</msg>
<status status="PASS" starttime="20220304 04:13:39.192" endtime="20220304 04:13:40.613"/>
</kw>
<kw name="Should Be Equal" library="BuiltIn">
<arg>${result.rc}</arg>
<arg>${0}</arg>
<doc>Fails if the given objects are unequal.</doc>
<status status="PASS" starttime="20220304 04:13:40.614" endtime="20220304 04:13:40.615"/>
</kw>
<kw name="Log" library="BuiltIn">
<arg>stdout: ${result.stdout}</arg>
<doc>Logs the given message with the given level.</doc>
<msg timestamp="20220304 04:13:40.616" level="INFO">stdout: output: 
error:
output: [main db4f96b] updated
 1 file changed, 0 insertions(+), 0 deletions(-)
 create mode 100644 output.xml

error:
output: 
error:
output: 
error:
output: 
error:</msg>
<status status="PASS" starttime="20220304 04:13:40.615" endtime="20220304 04:13:40.616"/>
</kw>
<status status="PASS" starttime="20220304 04:13:39.191" endtime="20220304 04:13:40.616"/>
</test>
<status status="PASS" starttime="20220304 04:13:37.454" endtime="20220304 04:13:40.617"/>
</suite>
<statistics>
<total>
<stat pass="4" fail="0" skip="0">All Tests</stat>
</total>
<tag>
</tag>
<suite>
<stat pass="4" fail="0" skip="0" id="s1" name="Processtest">Processtest</stat>
</suite>
</statistics>
<errors>
</errors>
</robot>
