<?xml version="1.0" encoding="UTF-8"?>
<robot generator="Robot 4.1.3 (Python 3.8.10 on linux)" generated="20220304 03:48:48.097" rpa="false" schemaversion="2">
<suite id="s1" name="Processtest" source="/root/processtest.robot">
<test id="s1-t1" name="Test1">
<kw name="Run Process" library="Process">
<arg>python3</arg>
<arg>-c</arg>
<arg>print('Hello, world!')</arg>
<doc>Runs a process and waits for it to complete.</doc>
<msg timestamp="20220304 03:48:48.120" level="INFO">Starting process:
python3 -c "print('Hello, world!')"</msg>
<msg timestamp="20220304 03:48:48.124" level="INFO">Waiting for process to complete.</msg>
<msg timestamp="20220304 03:48:48.141" level="INFO">Process completed.</msg>
<status status="PASS" starttime="20220304 03:48:48.120" endtime="20220304 03:48:48.142"/>
</kw>
<status status="PASS" starttime="20220304 03:48:48.119" endtime="20220304 03:48:48.142"/>
</test>
<test id="s1-t2" name="Test2">
<kw name="Run Process" library="Process">
<var>${result}</var>
<arg>ansible</arg>
<arg>--version</arg>
<doc>Runs a process and waits for it to complete.</doc>
<msg timestamp="20220304 03:48:48.145" level="INFO">Starting process:
ansible --version</msg>
<msg timestamp="20220304 03:48:48.148" level="INFO">Waiting for process to complete.</msg>
<msg timestamp="20220304 03:48:48.527" level="INFO">Process completed.</msg>
<msg timestamp="20220304 03:48:48.527" level="INFO">${result} = &lt;result object with rc 0&gt;</msg>
<status status="PASS" starttime="20220304 03:48:48.144" endtime="20220304 03:48:48.528"/>
</kw>
<kw name="Should Be Equal" library="BuiltIn">
<arg>${result.rc}</arg>
<arg>${0}</arg>
<doc>Fails if the given objects are unequal.</doc>
<status status="PASS" starttime="20220304 03:48:48.528" endtime="20220304 03:48:48.530"/>
</kw>
<kw name="Log" library="BuiltIn">
<arg>stdout: ${result.stdout}</arg>
<doc>Logs the given message with the given level.</doc>
<msg timestamp="20220304 03:48:48.531" level="INFO">stdout: ansible [core 2.12.2]
  config file = /root/ansible.cfg
  configured module search path = ['/root/.ansible/plugins/modules', '/usr/share/ansible/plugins/modules']
  ansible python module location = /usr/lib/python3/dist-packages/ansible
  ansible collection location = /root/.ansible/collections:/usr/share/ansible/collections
  executable location = /usr/bin/ansible
  python version = 3.8.10 (default, Nov 26 2021, 20:14:08) [GCC 9.3.0]
  jinja version = 2.11.3
  libyaml = True</msg>
<status status="PASS" starttime="20220304 03:48:48.530" endtime="20220304 03:48:48.531"/>
</kw>
<status status="PASS" starttime="20220304 03:48:48.143" endtime="20220304 03:48:48.531"/>
</test>
<test id="s1-t3" name="Test3">
<kw name="Run Process" library="Process">
<var>${result}</var>
<arg>ansible-playbook</arg>
<arg>getarp.yml</arg>
<doc>Runs a process and waits for it to complete.</doc>
<msg timestamp="20220304 03:48:48.533" level="INFO">Starting process:
ansible-playbook getarp.yml</msg>
<msg timestamp="20220304 03:48:48.535" level="INFO">Waiting for process to complete.</msg>
<msg timestamp="20220304 03:48:49.844" level="INFO">Process completed.</msg>
<msg timestamp="20220304 03:48:49.845" level="INFO">${result} = &lt;result object with rc 0&gt;</msg>
<status status="PASS" starttime="20220304 03:48:48.532" endtime="20220304 03:48:49.845"/>
</kw>
<kw name="Should Be Equal" library="BuiltIn">
<arg>${result.rc}</arg>
<arg>${0}</arg>
<doc>Fails if the given objects are unequal.</doc>
<status status="PASS" starttime="20220304 03:48:49.845" endtime="20220304 03:48:49.847"/>
</kw>
<kw name="Log" library="BuiltIn">
<arg>stdout: ${result.stdout}</arg>
<doc>Logs the given message with the given level.</doc>
<msg timestamp="20220304 03:48:49.848" level="INFO">stdout: 
PLAY [Get ARP information] *****************************************************

TASK [show arp] ****************************************************************
changed: [R1]
changed: [R2]

TASK [debug] *******************************************************************
ok: [R1] =&gt; {
    "print_output.stdout_lines": [
        "",
        "Protocol  Address          Age (min)  Hardware Addr   Type   Interface",
        "Internet  192.168.122.10          -   c201.310d.0000  ARPA   FastEthernet0/0",
        "Internet  192.168.122.218         0   362f.149f.6919  ARPA   FastEthernet0/0",
        "Internet  192.168.122.237         1   124b.1a98.f456  ARPA   FastEthernet0/0"
    ]
}
ok: [R2] =&gt; {
    "print_output.stdout_lines": [
        "",
        "Protocol  Address          Age (min)  Hardware Addr   Type   Interface",
        "Internet  192.168.122.11          -   c202.311d.0000  ARPA   FastEthernet0/0",
        "Internet  192.168.122.218         0   362f.149f.6919  ARPA   FastEthernet0/0",
        "Internet  192.168.122.237         3   124b.1a98.f456  ARPA   FastEthernet0/0"
    ]
}

PLAY RECAP *********************************************************************
R1                         : ok=2    changed=1    unreachable=0    failed=0    skipped=0    rescued=0    ignored=0   
R2                         : ok=2    changed=1    unreachable=0    failed=0    skipped=0    rescued=0    ignored=0   
</msg>
<status status="PASS" starttime="20220304 03:48:49.847" endtime="20220304 03:48:49.848"/>
</kw>
<status status="PASS" starttime="20220304 03:48:48.532" endtime="20220304 03:48:49.848"/>
</test>
<test id="s1-t4" name="Test4">
<kw name="Run Process" library="Process">
<var>${result}</var>
<arg>python3</arg>
<arg>git_push.py</arg>
<doc>Runs a process and waits for it to complete.</doc>
<msg timestamp="20220304 03:48:49.850" level="INFO">Starting process:
python3 git_push.py</msg>
<msg timestamp="20220304 03:48:49.852" level="INFO">Waiting for process to complete.</msg>
<msg timestamp="20220304 03:48:49.870" level="INFO">Process completed.</msg>
<msg timestamp="20220304 03:48:49.871" level="INFO">${result} = &lt;result object with rc 2&gt;</msg>
<status status="PASS" starttime="20220304 03:48:49.849" endtime="20220304 03:48:49.871"/>
</kw>
<kw name="Should Be Equal" library="BuiltIn">
<arg>${result.rc}</arg>
<arg>${0}</arg>
<doc>Fails if the given objects are unequal.</doc>
<msg timestamp="20220304 03:48:49.874" level="FAIL">2 != 0</msg>
<status status="FAIL" starttime="20220304 03:48:49.871" endtime="20220304 03:48:49.874"/>
</kw>
<kw name="Log" library="BuiltIn">
<arg>stdout: ${result.stdout}</arg>
<doc>Logs the given message with the given level.</doc>
<status status="NOT RUN" starttime="20220304 03:48:49.874" endtime="20220304 03:48:49.874"/>
</kw>
<status status="FAIL" starttime="20220304 03:48:49.849" endtime="20220304 03:48:49.875">2 != 0</status>
</test>
<status status="FAIL" starttime="20220304 03:48:48.098" endtime="20220304 03:48:49.876"/>
</suite>
<statistics>
<total>
<stat pass="3" fail="1" skip="0">All Tests</stat>
</total>
<tag>
</tag>
<suite>
<stat pass="3" fail="1" skip="0" id="s1" name="Processtest">Processtest</stat>
</suite>
</statistics>
<errors>
</errors>
</robot>
